[    0.000000] Linux version 4.15.0-88-generic (buildd@lgw01-amd64-036) gcc version 7.4.0 (Ubuntu 7.4.01ubutu1~18.04.1)) #88-Ubunu SMP Tue Feb11 20:11:34 UTC 2020 (Ubuntu 4.15.0-88.88-generic 4.15.18)
[    0.000000] Command line: BOOT_IMAE=/boot/vmlinuz-4.15.0-88-generic root=LABEL=cloudimg-rots ro console=tty1 consle=ttyS0
[    0.000000] KERNEL supported cpus
[    0.0000]   Itel GenuineIntel
[    0.000000]   AMD AuthenticAMD
[   0.000000   Cntaur CentaurHauls
[    0.000000] x86/fpu: SupportingXSAVE feature 0001: 'x87 floating point registers'
[   0.000000] x86/fpu: Supporting XSAVE feature 0x002: 'SSE registers'
[    0.000000] x86/fpu: Supporting XSAVE feature 0004: 'AVX registers'
[    0.000000 x86/fpu: xtate_offset[2]:  576, xsttesizes[2]:  25
[    0.000000] x86/fpu: Enabled xstate features0x7, context size is 832 bytes, using 'standard' format.
[    0.000000] e820: BIOS-provided physical RAM map:
[    0.000000] BIOS-e820: [mem 0x0000000000000000-0x000000000009fbff] usable
[    0.000000] BIOS-e820: [mem 0x000000000009fc00-0x000000000009ffff] reserved
[    0.00000] BIOS-e820:[mem 0x0000000000f0000-0x00000000000fffff] reserved
[    0.000000] BIOS-e80: [mem 0x0000000000100000-0x000000003ffeffff] usabl
[    0.000000] IOS-e820: [mem 0x000000003fff0000-0x000000003fffffff] ACPI data
[    0.000000] BIOS-e820: [mem 0x00000000fec00000-0x00000000fec00fff] reserved
[    0.000000] BIOS-e820: [mem 0x00000000fee00000-0x00000000fee00fff] eserved
[    0.000000] IOS-e820: [mem 0x00000000fffc0000-0x0000000ffffffff] reserved
[    0.000000] NX (Eecute Disable) prtecton: active
[    0.00000] SMBIOS 2.5 present.
[    0.000000] DMI innotek GmbH VirtualBox/VirtualBox, BIOS VirtualBox 12/01/2006
[    0.000000] Hypervisor detected: KVM
[    0.000000] e820: last_pfn = 0x3fff0 max_arch_pfn = 0x400000000
[    0.000000] MTRR: Disabled
[    0.00000] x86/PAT: MTRs disabled, skipping PAT nitialization too.
[   0.00000] CPU MTRRsall blank - virtualized stem.
[    0.000000] x86/PAAT Cnfiuration [0-7]: WB  WT  UC- UC  WB  WT  UC- UC  
[   0.00000] found SMP MP-table at [mem 0x0009fff0-0x0009ffff]
[    0.00000] Scanning 1area for low memory corruption
[    0.000000] RAMDISK: [mem 0x5a6d000-0x36d2dfff]
[    0.000000] ACPI: Early table checksum verification disabled
[    0.000000] ACPI: RSDP 0x00000000000E0000 000024 (v02 VBOX  )
[    0.000000] ACPI: SDT 0x000000003FFF0030 00003C (v01 VBOX   VBXXST 00000001 ASL  00000061)
[    0.000000] ACPI: FACP 0x000000003FFF00F0 0000F4 (v04 VBOX   VBOXFACP 00000001 ASL  0000061)
[    0.000000] ACPI: DSDT 0x000000003FFF0470 0021FF (v02 VBOX   VBOXBIOS 00000002 INTL 20100528)
[    0.000000] ACPI: FACS 0x000000003FFF0200 000040
[    0.000000] ACPI: FACS 0x00000003FFF0200 000040
[    0.000000] ACPI: APIC 0x000000003FFF0240 00005C (v02 VBOX   VBOXAPIC 00000001 ASL 0000006)
[    0.000000] ACPI: SSDT 0x000000003FFF02A0 0001CC (v01 VBOX   VBOXCPUT 00000002 INTL 20100528)
[    0.000000] No NUMA configuratoon found
[    0.000000] Faking a node at [mem 0x0000000000000000-0x000000003ffeffff]
[    0.000000] NODE_DATA(0) allocated [mem 0x3ffc5000-0x3ffeffff]
[    0.000000] kvm-clock: cpu 0, msr 0:3ff44001, primary cpu clock
[    0.000000] kvm-clock: Using msrs 4b564d01 and 4b564d00
[    0.000000] kvm-clock: using sched offset of 1071225754 cycles
[    0.000000] clocksource: kvm-clock: mask: 0xfffffffffffffff max_cycles: 0x1cd42e4dffb, max_idle_ns: 881590591483 ns
[    0.000000] Zone ranges:
[    0.000000]   DMA      [mem 0x0000000000001000-0x0000000000ffffff]
[   0.000000]   DM32    [mem 0x0000000001000000-0x000000003ffeffff]
[   0.000000]  Normal   empty
[    0.000000]   Device   empty
[    0.000000] Movable zone start for each node
[    0.000000] Early memory ode ranges
[   0.000000]  node   0: mem 0x0000000000001000-0x000000000009efff
[    0.000000]   node   0: [mem 00000000000100000-0x00000003ffeffff]
[    0.000000] Reserved but unavailable: 98 pages
    0.000000] Initmem setup node 0 [mem 0x0000000000001000-0x000000003ffeffff]
[    0.000000] ACPI: P-Timer IO Port: 0x4008
[    0.00000] IOAPIC[0]: apic_id 2, version 32, address 0xfec0000, GSI 0-23
[    0.000000 ACPI: INT_SRCOVR (bus 0 bus_irq 0 global_irq 2 dfl dfl)
[    .00000 ACPI: INT_SRC_OVR (bus 0 bus_irq 9 globalirq 9 low level)
[    0.000000] Using ACPI (MADT) for SMP configuration iformation
[    0.000000] smpboot: Allowing 2 CPUs, 0 hotplug CPUs
[    0.000000] PM: Registered nosave memory: [mem 0x00000000-0x00000fff]
[    0.000000] PM: Registered nosave memory: [mem 0x0009f000-0x0009ffff]
[    0.000000] PM: Registered nosave memory: [mem 0x000a0000-0x000effff]
[    0.000000] PM: Reistered nosave memory: [mem 0x000f0000-0x000fffff]
[    0.000000] e820:[mem 0x40000000-0xfebfffff] availablefor PCI devices
[    0.000000] Booting paravirtualized kernel on KVM
[    0.000000] clocksource: refined-jiffies: mask: 0xffffffff max_cycles: 0xffffffff, max_idle_ns: 7645519600211568 ns
[    0.000000] random: get_random_bytes clle from start_kernel+0x99/0x4fd with crng_init=0
[    0.000000] setup_percpu: NR_CPUS:8192 nr_cpumask_bits:2 nr_cpu_ids:2 nr_node_ids:1
[    .000000]] percpu: Embedded 45 pages/cpu s147456 r8192 d28672 u1048576
[    0.000000] PV qspinlock hash table entries: 256 (order: 0, 4096 bytes)
[    0.000000] Built 1 zonelists, mobility grouping on.  Total pages: 257913
[    0.000000] Policy zone: DMA32
[    0.000000] Kernel command line: BOOT_IMAGE=/boot/vmlinuz-4.15.0-88-generic root=LABEL=cloudimg-rootfs ro console=tty1 console=ttyS0
[    0.000000] Memory: 983068K/1048120K available (12300K kernel code, 2481K rwdata, 4264K rodata, 2428K init, 2712K bss, 65052K reserved, 0K cma-reserved)
[    0.000000] SLUB: HWalign=64, Order=0-3, MinObjects=0, CPUs=2, Nodes=1
[    0.000000] Kernel/User page tables isolation: enabled
[    0.000000] ftrace: allocating 3934 entries in 154 pages
[   0.004000] Hierarchical RCU iimplementation.
[    0.004000] 	RCU restricting CPUs from NR_CPUS=8192 to nr_cpu_ids=2.
[    0.004000] 	Tasks RCU enabled.
[    0.004000] RCU: Adjusting geometry for rcu_fanout_leaf=16, nr_cpu_ids=2
[    0.004000] NR_IRQS: 524544, nr_irqs: 440, preallocated irqs: 16
[    0.004000] Console: colour VGA+ 80x25
[    0.004000] console [tty1] enabled
[    0.004000] console [ttyS0] enabled
[    0.004000] ACPI: Core revision 20170831
[    0.004000] ACPI: 2 ACPI AML tables successfully acquired ad loaded
[    0.004000] APIC: Switch to symmetric I/O mode setup
[    0.006364] x2apic enabled
[    0.008010] Switched APIC routing to physical x2apic.
[    0.016000] ..TIMER: vector=0x30 apic1=0 pin1=2 apic2=-1 pin2=-1
[    0.016019] tsc: Detected 1599.999 MHz processor
[    0.020017] Calibrating delay loop (skipped) preset value.. 3199.99 BogoMIPS (lpj=6399996)
[    0.024044] pid_max: default: 32768 minimum: 301
[    0.030040] Security Framework initialized
[    0.032010] Yama: becoming mindful.
[    0.036149] AppArmor: AppArmor initialized
[    0.042864] Dentry cache hash table entries: 131072 (order: 8, 1048576 bytes)
[    0.044118] Inode-cache hash table entries: 65536 (order: 7, 524288 bytes)
[    0.048063] Mount-cache hash table entries: 2048 (order: 2, 16384 bytes)
[    0.052026] Mountpoint-cache hash table entries: 2048 (order: 2, 16384 bytes)
[    0.057886] Last level iTLB entries: 4KB 64, 2MB 8, 4MB 8
[    0.060010] Last level dTLB entries: 4KB 64, 2MB 0, 4MB 0, 1GB 4
[    0.064010] Spectre V1 : Mitigation: usercopy/swapgs barriers and __user pointer sanitization
[    0.068008] Spectre V2 : Mitigation: Full generic retpoline
[    0.072007] Spectre V2 : Spectre v2 / SpectreRSB mitigation: Filling RSB on context switch
[    0.076018] Speculative Store Bypass: Vulnerable
[    0.080128] MDS: Mitigation: Clear CPU buffers
[    0.084435] Freeing SMP alternatives memory: 36K
[    0.202490] smpboot: CPU0: Intel(R) Core(TM) i5-5250U CPU @ 1.60GHz (family: 0x6, model: 0x3d, stepping: 0x4)
[    0.204226] Performance Events: unsupported p6 CPU model 61 no PMU driver, software events only.
[    0.208099] Hierarchical SRCU implementation.
[    0.216667] NMI watchdog: Perf event create on CPU 0 failed with -2
[    0.220007] NMI watchdog: Perf NMI watchdog permanently disabled
[    0.224103] smp: Bringing up secondary CPUs ...
[    0.229712] x86: Booting SMP configuration:
[    0.232033] .... node  #0, CPUs:      #1
[    0.004000] kvm-clock: cpu 1, msr 0:3ff44041, secondary cpu clock
[    0.262550] smp: Brought up 1 node, 2 CPUs
[    0.264017] smpboot: Max logical packages: 1
[    0.268041] smpboot: Total of 2 processors activated (6399.99 BogoMIPS)
[    0.276041] devtmpfs: initialized
[    0.280085] x86/mm: Memory block size: 128MB
[    0.284755] evm: security.selinux
[    0.288010] evm: security.SMACK64
[    0.292007] evm: security.SMACK64EXEC
[    0.296020] evm: security.SMACK64TRANSMUTE
[    0.300006] evm: security.SMACK64MMAP
[    0.304009] evm: security.apparmor
[    0.308008] evm: security.ima
[    0.312006] evm: security.capability
[    0.316901] clocksource: jiffies: mask: 0xffffffff max_cycles: 0xffffffff, max_idle_ns: 7645041785100000 ns
[    0.320090] futex hash table entries: 512 (order: 3, 32768 bytes)
[    0.328039] pinctrl core: initialized pinctrl subsystem
[    0.332185] RTC time: 15:00:05, date: 04/16/20
[    0.336277] NET: Registered protocol family 16
[    0.340238] audit: initializing netlink subsys (disabled)
[    0.348013] audit: type=2000 audit(1587049209.326:1): state=initialized audit_enabled=0 res=1
[    0.392023] cpuidle: using governor ladder
[    0.394764] cpuidle: using governor menu
[    0.396188] ACPI: bus type PCI registered
[    0.400008] acpiphp: ACPI Hot Plug PCI Controller Driver version: 0.5
[    0.404232] PCI: Using configuration type 1 for base access
[    0.412108] HugeTLB registered 2.00 MiB page size, pre-allocated 0 pages
[    0.416217] ACPI: Added _OSI(Module Device)
[    0.421921] ACPI: Added _OSI(Processor Device)
[    0.424050] ACPI: Added _OSI(3.0 _SCP Extensions)
[    0.428011] ACPI: Added _OSI(Processor Aggregator Device)
[    0.432884] ACPI: Added _OSI(Linux-Dell-Video)
[    0.440019] ACPI: Added _OSI(Linux-Lenovo-NV-HDMI-Audio)
[    0.442394] ACPI: Added _OSI(Linux-HPI-Hybrid-Graphics)
[    0.481665] ACPI: Executed 1 blocks of module-level executable AML code
[    0.510930] ACPI: Interpreter enabled
[    0.512029] ACPI: (supports S0 S5)
[    0.540010] ACPI: Using IOAPIC for interrupt routing
[    0.556616] PCI: Using host bridge windows from ACPI; if necessary, use "pci=nocrs" and report a bug
[    0.608620] ACPI: Enabled 2 GPEs in block 00 to 07
[    0.629066] ACPI: PCI Root Bridge [PCI0] (domain 0000 [bus 00-ff])
[    0.644022] acpi PNP0A03:00: _OSC: OS supports [ASPM ClockPM Segments MSI]
[    0.680071] acpi PNP0A03:00: _OSC: not requesting OS control; OS requires [ExtendedConfig ASPM ClockPM MSI]
[    0.712047] acpi PNP0A03:00: fail to add MMCONFIG information, can't access extended PCI configuration space under this bridge.
[    0.796217] PCI host bridge to bus 0000:00
[    0.816019] pci_bus 0000:00: root bus resource [io  0x0000-0x0cf7 window]
[    0.872033] pci_bus 0000:00: root bus resource [io  0x0d00-0xffff window]
[    0.944063] pci_bus 0000:00: root bus resource [mem 0x000a0000-0x000bffff window]
[    0.972020] pci_bus 0000:00: root bus resource [mem 0x40000000-0xfdffffff window]
[    1.012016] pci_bus 0000:00: root bus resource [bus 00-ff]
[    1.046002] pci 0000:00:01.1: legacy IDE quirk: reg 0x10: [io  0x01f0-0x01f7]
[    1.048019] pci 0000:00:01.1: legacy IDE quirk: reg 0x14: [io  0x03f6]
[    1.076017] pci 0000:00:01.1: legacy IDE quirk: reg 0x18: [io  0x0170-0x0177]
[    1.084018] pci 0000:00:01.1: legacy IDE quirk: reg 0x1c: [io  0x0376]
[    1.234746] pci 0000:00:07.0: quirk: [io  0x4000-0x403f] claimed by PIIX4 ACPI
[    1.244038] pci 0000:00:07.0: quirk: [io  0x4100-0x410f] claimed by PIIX4 SMB
[    1.278225] ACPI: PCI Interrupt Link [LNKA] (IRQs 5 9 10 *11)
[    1.294420] ACPI: PCI Interrupt Link [LNKB] (IRQs 5 9 *10 11)
[    1.300445] ACPI: PCI Interrupt Link [LNKC] (IRQs 5 *9 10 11)
[    1.320049] ACPI: PCI Interrupt Link [LNKD] (IRQs 5 9 10 *11)
[    1.336354] SCSI subsystem initialized
[    1.352227] pci 0000:00:02.0: vgaarb: setting as boot VGA device
[    1.356000] pci 0000:00:02.0: vgaarb: VGA device added: decodes=io+mem,owns=io+mem,locks=none
[    1.400013] pci 0000:00:02.0: vgaarb: bridge control possible
[    1.424021] vgaarb: loaded
[    1.436055] ACPI: bus type USB registered
[    1.452061] usbcore: registered new interface driver usbfs
[    1.468054] usbcore: registered new interface driver hub
[    1.484062] usbcore: registered new device driver usb
[    1.504047] EDAC MC: Ver: 3.0.0
[    1.509021] PCI: Using ACPI for IRQ routing
[    1.513125] NetLabel: Initializing
[    1.516093] NetLabel:  domain hash size = 128
[    1.520009] NetLabel:  protocols = UNLABELED CIPSOv4 CALIPSO
[    1.524033] NetLabel:  unlabeled traffic allowed by default
[    1.528138] clocksource: Switched to clocksource kvm-clock
[    1.583721VFS: Disk quota dquot_6.6.0
[    1.7123]FS: Dquot-cache hash table entries51 (der 0, 4096 byes

[    2.246517] AppArmor: AppArmor Flesystem Enabled
[    2.327881] pnp: PnP ACPI init
[    2.34974] pnp: PnP ACPI: found 3 device

[    2.557753] clocksurce: acpi_pm: mask: 0xffffff m_cycles: 0xffffff, max_idle_ns: 2085701024 ns
[    2.723914] NET: Registered protocol faly 2

[    2.820896] TCP establishd hash talentries: 8192 (order: 4, 6553bytes)
[    3.183452] TCP bind hash tab entries: 892 (order: 5, 131072 bytes)
[    3.327308] TCP:Hash tables configured (established 8192 bind 8192)
[    3.376978] UDP hash table entries: 512 (order: 2, 16384 bytes)
[    3.412478] UDP-Le hashable entries: 512 (order: 2, 163 bytes)[    3762195] NET: Registered protocol family 1
[    3.843715] pci 0000:000.0: imiting direct PCI/PCI transfers
[    3.948893] pci 0000:00:01.0:ActivatingISADMA hang workarounds
[    4.087497] pci 00000:02.0: Video device with shadowe ROMat [mem 0x000c0000-0x00dffff]

[    4.22213] Unpackinginiras...

[    5.165475] Freeing initrd memory: 19204K
[    5.170977] clocksource: tsc: mask: 0xffffffffffffffff max_cycles: 0x171023f09ff, max_idle_ns: 440795233615 ns
[    5.189953] platform rtc_cmos: registered platform RTC device (no PNP device found)
[    5.218987] Scanning for low memory corruption every 60 seconds
[    5.232814] Initialise system trusted keyrings
[    5.248526] Key type blacklist registered
[    5.265134] workingset: timestamp_bits=36 max_order=18 bucket_order=0
[    5.290106] zbud: loaded
[    5.296460] squashfs: version 4.0 (2009/01/31) Phillip Lougher
[    5.367696] fuse init (API version 7.26)
[    5.395689] Key type asymmetric registered
[    5.423617] Asymmetric key parser 'x509' registered
[    5.449083] Block layer SCSI generic (bsg) driver version 0.4 loaded (major 246)
[    5.473051] io scheduler noop registered
[    5.478214] io scheduler deadline registered
[    5.487514] io scheduler cfq registered (default)
[    5.505844] ACPI: AC Adapter [AC] (off-line)
[    5.515983] input: Power Button as /devices/LNXSYSTM:00/LNXPWRBN:00/input/input0
[    5.546393] ACPI: Power Button [PWRF]
[    5.549976] input: Sleep Button as /devices/LNXSYSTM:00/LNXSLPBN:00/input/input1
[    5.597456] ACPI: Sleep Button [SLPF]
[    5.614177] Serial: 8250/16550 driver, 32 ports, IRQ sharing enabled
[    5.616296] ACPI: Battery Slot [BAT0] (battery present)
[    .708199] 00:02: tyS0 a I/O x3f8 (irq = 4, base_baud = 115200) is a 16550A
[    6.214754] Linux agpgart interface v0.103
[    6.225868] loop: module loaded
[    6.236030] scsi host0: ata_piix
[    6.238957] scsi host1: ata_piix
[    6.252957] ata1: PATA max UDMA/33 cmd 0x1f0 ctl 0x3f6 bmdma 0xd000 irq 14
[    6.259367] ata2: PATA max UDMA/33 cmd 0x170 ctl 0x376 bmdma 0xd008 irq 15
[    6.266386] libphy: Fixed MDIO Bus: probed
[    6.301933] tun: Universal TUN/TAP device driver, 1.6
[    6.320474] PPP generic driver version 2.4.2
[    6.336025] ehci_hcd: USB 2.0 'Enhanced' Host Controller (EHCI) Driver
[    6.342164] ehci-pci: EHCI PCI platform driver
[    6.359859] ehci-platform: EHCI generic platform driver
[    6.446610] ohci_hcd: USB 1.1 'Open' Host Controller (OHCI) Driver
[    6.563502] ohci-pci: OHCI PCI platform driver
[    6.588707] ohci-platform: OHCI generic platform driver
[    6.619434] uhci_hcd: USB Universal Host Controller Interface driver
[    6.655708] i8042: PNP: PS/2 Controller [PNP0303:PS2K,PNP0f03:PS2M] at 0x60,0x64 irq 1,12
[    6.825683] seo: i8042 KBD port at 0x60,0x64 irq 1
[    7.043729] serio: i8042 AUX port at 0x60,0x64 irq 12
[    7.168782] mousedev: PS/2 mouse device common for all mice
[    7.205385] rtc_cmos rtc_cmos: rtc core: registered rtc_cmos as rtc0
[    7.226934] rtc_cmos rtc_cmos: alarms up to one day, 114 bytes nvram
[    7.243092] i2c /dev entries driver
[    7.243489] input: AT Translated Set 2 keyboard as /devices/latform/i802/serio0/input/input2

[    7.284128] device-mapper: uevent: version 1.0.3
[    8.092857] device-mapper: ioctl: 4.37.0-ioctl (2017-09-20) initialised: dm-devel@redhat.com
[    8.123732] ledtrig-cpu: registered to indicate activity on CPUs
[    8.146973] NET: Registered protocol family 10
[    8.180325] Segment Routing with IPv6
[    8.194429] NET: Registered protocol family 17
[    8.202395] Key type dns_resolver registered
[    8.213885] mce: Using 0 MCE banks
[    8.221215] RAS: Correctable Errors collector initialized.
[    8.228710] sched_clock: Marking stable (8228399929, 0)->(17836956668, -9608556739)
[    8.263329] registered taskstats version 1
[    8.265663] Loading compiled-in X.509 certificates
[    8.373627] Loaded X.509 cert 'Build time autogenerated kernel key: f0020782f0d3a548186fb3f47aed88387a71e859'
[    8.586419] zswap: loaded using pool lzo/zbud
[    8.643903] Key type big_key registered
[    8.677639] Key type trusted registered
[    8.695475] Key type encrypted registered
[    8.698059] AppArmor: AppArmor sha1 policy hashing enabled
[    8.746665] ima: No TPM chip found, activating TPM-bypass! (rc=-19)
[    8.849201] ima: Allocated hash algorithm: sha1
[    8.879018] evm: HMAC attrs: 0x1
[    8.911634]   Magic number: 0:741:32
[    8.922960] rtc_cmos rtc_cmos: setting system clock to 2020-04-16 15:00:14 UTC (1587049214)
[    8.943417] BIOS EDD facility v0.16 2004-Jun-25, 0 devices found
[    8.956174] EDD information not available.
[    8.969839] Freeing unused kernel image memory: 2428K
[    8.996488] Write protecting the kernel read-only data: 20480k
[    9.014412] Freeing unused kernel image memory: 2008K
[    9.024409] Freeing unused kernel image memory: 1880K
[    9.048931] x86/mm: Checked W+X mappings: passed, no W+X pages found.
[    9.120254] x86/mm: Checking user space page tables
[    9.215538] x86/mm: Checked W+X mappings: passed, no W+X pages found.
Loading, please wait...
starting version 237
[    9.584224] e1000: Intel(R) PRO/1000 Network Driver - version 7.3.21-k8-NAPI
[    9.595975] e1000: Copyright (c) 1999-2006 Intel Corporation.
[    9.611392] Fusion MPT base driver 3.04.20
[    9.616335] Copyright (c) 1999-2008 LSI Corporation
[    9.642805] Fusion MPT SPI Host driver 3.04.20
[    9.731042] AVX2 version of gcm_enc/dec engaged.
[    9.740450] AES CTR mode by8 optimization enabled
[    9.838869] input: ImExPS/2 Generic Explorer Mouse as /devices/platform/i8042/serio1/input/input4
[   10.344189] e1000 0000:00:03.0 eth0: (PCI:33MHz:32-bit) 02:63:41:f1:0e:ed
[   10.355143] e1000 0000:00:03.0 eth0: Intel(R) PRO/1000 Network Connection
[   10.366426] mptbase: ioc0: Initiating bringup
[   10.367896] e1000 0000:00:03.0 enp0s3: renamed from eth0
[   11.373881] ioc0: LSI53C1030 A0: Capabilities={Initiator}
[   13.350262] scsi host2: ioc0: LSI53C1030 A0, FwRev=00000000h, Ports=1, MaxQ=256, IRQ=20
[   15.340678] scsi 2:0:0:0: Direct-Access     VBOX     HARDDISK         1.0  PQ: 0 ANSI: 5
[   15.439759] scsi target2:0:0: Beginning Domain Validation
[   15.473825] scsi target2:0:0: Domain Validation skipping write tests
[   15.710641] scsi target2:0:0: Ending Domain Validation
[   16.219903] scsi target2:0:0: asynchronous
[   16.264148] scsi 2:0:1:0: Direct-Access     VBOX     HARDDISK         1.0  PQ: 0 ANSI: 5
[   17.348207] scsi target2:0:1: Beginning Domain Validation
[   17.383413] random: fast init done
[   18.347672] scsi target2:0:1: Domain Validation skipping write tests
[   18.742925] scsi target2:0:1: Ending Domain Validation
[   19.353137] scsi target2:0:1: asynchronous
[   19.698199] random: systemd-udevd: uninitialized urandom read (16 bytes read)
[   19.698691] sd 2:0:0:0: Attached scsi generic sg0 type 0
[   19.715355] random: systemd-udevd: uninitialized urandom read (16 bytes read)
[   19.736477] sd 2:0:1:0: Attached scsi generic sg1 type 0
[   19.794100] random: systemd-udevd: uninitialized urandom read (16 bytes read)
[   19.801672] sd 2:0:1:0: [sdb] 20480 512-byte logical blocks: (10.5 MB/10.0 MiB)
[   19.851869] sd 2:0:1:0: [sdb] Write Protect is off
[   19.851872] sd 2:0:0:0: [sda] 20971520 512-byte logical blocks: (10.7 GB/10.0 GiB)
[   19.884966] sd 2:0:1:0: [sdb] Incomplete mode parameter data
[   19.957162] sd 2:0:1:0: [sdb] Assuming drive cache: write through
[   19.957174] sd 2:0:0:0: [sda] Write Protect is off
[   19.985913] sd 2:0:1:0: [sdb] Attached SCSI disk
[   20.007791] sd 2:0:0:0: [sda] Incomplete mode parameter data
[   20.019029] sd 2:0:0:0: [sda] Assuming drive cache: write through
[   20.029764]  sda: sda1
[   20.041544] sd 2:0:0:0: [sda] Attached SCSI disk
Begin: Loading essential drivers ... [   21.876154] raid6: sse2x1   gen()  5906 MB/s
[   21.932442] raid6: sse2x1   xor()  3489 MB/s
[   21.984231] raid6: sse2x2   gen()  7346 MB/s
[   22.089132] raid6: sse2x2   xor()  2569 MB/s
[   22.159470] raid6: sse2x4   gen()  4140 MB/s
[   22.213096] raid6: sse2x4   xor()  2426 MB/s
[   22.332266] raid6: avx2x1   gen()  5442 MB/s
[   22.411326] raid6: avx2x1   xor()  4988 MB/s
[   22.484530] raid6: avx2x2   gen() 10369 MB/s
[   22.544135] raid6: avx2x2   xor()  6107 MB/s
[   22.596353] raid6: avx2x4   gen()  8553 MB/s
[   22.644112] raid6: avx2x4   xor()  8723 MB/s
[   22.646627] raid6: using algorithm avx2x2 gen() 10369 MB/s
[   22.659467] raid6: .... xor() 6107 MB/s, rmw enabled
[   22.676759] raid6: using avx2x2 recovery algorithm
[   22.685069] xor: automatically using best checksumming function   avx       
[   22.711119] async_tx: api initialized (async)
done.
Begin: Running /scripts/init-premount ... done.
Begin: Mounting root file system ... Begin: Running /scripts/local-top ... done.
Begin: Running /scripts/local-premount ... [   22.827045] Btrfs loaded, crc32c=crc32c-intel
Scanning for Btrfs filesystems
done.
Warning: fsck not present, so skipping root file system
[   22.947761] EXT4-fs (sda1): mounted filesystem with ordered data mode. Opts: (null)
done.
Begin: Running /scripts/local-bottom ... done.
Begin: Running /scripts/init-bottom ... done.
[   23.554831] ip_tables: (C) 2000-2006 Netfilter Core Team
[   24.313658] systemd[1]: systemd 237 running in system mode. (+PAM +AUDIT +SELINUX +IMA +APPARMOR +SMACK +SYSVINIT +UTMP +LIBCRYPTSETUP +GCRYPT +GNUTLS +ACL +XZ +LZ4 +SECCOMP +BLKID +ELFUTILS +KMOD -IDN2 +IDN -PCRE2 default-hierarchy=hybrid)
[   27.453391] systemd[1]: Detected virtualization oracle.
[   27.462822] systemd[1]: Detected architecture x86-64.

Welcome to [1mUbuntu 18.04.4 LTS[0m!

[   27.510015] systemd[1]: Set hostname to <ubuntu>.
[   27.557315] systemd[1]: Initializing machine ID from random generator.
[   27.563363] systemd[1]: Installed transient /etc/machine-id file.
[   28.583739] random: crng init done
[   28.596085] random: 7 urandom warning(s) missed due to ratelimiting
[   29.819432] systemd[1]: Reached target User and Group Name Lookups.
[[0;32m  OK  [0m] Reached target User and Group Name Lookups.
[   32.282869] systemd[1]: Reached target System Time Synchronized.
[[0;32m  OK  [0m] Reached target System Time Synchronized.
[   32.318733] systemd[1]: Created slice User and Session Slice.
[[0;32m  OK  [0m] Created slice User and Session Slice.
[   32.355989] systemd[1]: Started Forward Password Requests to Wall Directory Watch.
[[0;32m  OK  [0m] Started Forward Password Requests to Wall Directory Watch.
[   32.444241] systemd[1]: Reached target Swap.
[[0;32m  OK  [0m] Reached target Swap.
[   32.462153] systemd[1]: Created slice System Slice.
[[0;32m  OK  [0m] Created slice System Slice.
[   32.508670] systemd[1]: Listening on LVM2 poll daemon socket.
[[0;32m  OK  [0m] Listening on LVM2 poll daemon socket.
[   32.555458] systemd[1]: Listening on Journal Socket.
[[0;32m  OK  [0m] Listening on Journal Socket.
[   32.569722] systemd[1]: Mounting Kernel Debug File System...
         Mounting Kernel Debug File System...
[   32.580276] systemd[1]: Starting Uncomplicated firewall...
         Starting Uncomplicated firewall...
[[0;32m  OK  [0m] Listening on Device-mapper event daemon FIFOs.
[[0;32m  OK  [0m] Created slice system-serial\x2dgetty.slice.
[[0;32m  OK  [0m] Listening on udev Kernel Socket.
         Mounting Huge Pages File System...
[[0;32m  OK  [0m] Listening on Network Service Netlink Socket.
[[0;32m  OK  [0m] Listening on udev Control Socket.
[[0;32m  OK  [0m] Reached target Slices.
         Starting Load Kernel Modules...
         Starting udev Coldplug all Devices...
[   32.823911] Loading iSCSI transport class v2.0-870.
         Starting Set the console keyboard layout...
[[0;32m  OK  [0m] Listening on Journal Socket (/dev/log).
[[0;32m  OK  [0[   32.938410] iscsi: registered transport (tcp)
m] Listening on Syslog Socket.
[[0;32m  OK  [0m] Listening on Journal Audit Socket.
         Starting Journal Service...
         Mounting POSIX Message Queue File System...
         Starting Create list of required st…ce nodes for the current kernel...
[[0;32m  OK  [0m] Listening on /dev/initctl Compatibility Named Pipe.
[[0;32m  OK  [0m] Listening on LVM2 metadata daemon socket.
         Starting Monitoring of LVM2 mirr[   33.581328] iscsi: registered transport (iser)
ors…ng dmeventd or progress polling...
[[0;32m  OK  [0m] Set up automount Arbitrary Executab…rmats File System Automount Point.
         Starting Remount Root and Kernel File Systems...
[[0;32m  OK  [0m] Mounted Kernel Debug File System.
[[0;32m  OK  [0m] Started Uncomplicated firewall.
[[0;32m  OK  [0m] Mounted Huge Pages File System.
[[0;32m  OK  [0m] Started Load Kernel Modules.
[[0;32m  OK  [0m] Mounted POSIX Message Queue File System.
[[0;32m  OK  [0m] Started Create list of required sta…vice nodes for the current kernel.
[   34.108673] EXT4-fs (sda1): re-mounted. Opts: (null)
[[0;32m  OK  [0m] Started LVM2 metadata daemon.
         Starting Create Static Device Nodes in /dev...
         Mounting FUSE Control File System...
         Mounting Kernel Configuration File System...
         Starting Apply Kernel Variables...
[[0;32m  OK  [0m] Started Journal Service.
[[0;32m  OK  [0m] Started Set the console keyboard layout.
[[0;32m  OK  [0m] Started Remount Root and Kernel File Systems.
[[0;32m  OK  [0m] Mounted FUSE Control File System.
[[0;32m  OK  [0m] Started Monitoring of LVM2 mirrors,…sing dmeventd or progress polling.
[[0;32m  OK  [0m] Started udev Coldplug all Devices.
[[0;32m  OK  [0m] Started Create Static Device Nodes in /dev.
[[0;32m  OK  [0m] Mounted Kernel Configuration File System.
[[0;32m  OK  [0m] Started Apply Kernel Variables.
         Starting udev Kernel Device Manager...
         Starting Load/Save Random Seed...
[[0;32m  OK  [0m] Reached target Local File Systems (Pre).
[[0;32m  OK  [0m] Reached target Local File Systems.
         Starting AppArmor initialization...
         Starting ebtables ruleset management...
         Starting Tell Plymouth To Write Out Runtime Data...
         Starting Commit a transient machine-id on disk...
         Starting Set console font and keymap...
         Starting Flush Journal to Persistent Storage...
[[0;32m  OK  [0m] Started udev Kernel Device Manager.
[[0;32m  OK  [0m] Started Load/Save Random Seed.
[[0;32m  OK  [0m] Started Tell Plymouth To Write Out Runtime Data.
[[0;32m  OK  [0m] Started Set console font and keymap.
[[0;32m  OK  [0m] Started Dispatch Password Requests to Console Directory Watch.
[[0;32m  OK  [0m] Reached target Local Encrypted Volumes.
[[0;32m  OK  [0m] Started Commit a transient machine-id on disk.
[[0;32m  OK  [0m] Started ebtables ruleset management.
[[0;32m  OK  [0m] Started Flush Journal to Persistent Storage.
         Starting Create Volatile Files and Directories...
[[0;32m  OK  [0m] Started Create Volatile Files and Directories.
         Starting Update UTMP about System Boot/Shutdown...
[[0;32m  OK  [0m] Started Update UTMP about System Boot/Shutdown.
[[0;32m  OK  [0m] Found device /dev/ttyS0.
[[0;32m  OK  [0m] Listening on Load/Save RF Kill Switch Status /dev/rfkill Watch.
[[0;32m  OK  [0m] Started AppArmor initialization.
         Starting Initial cloud-init job (pre-networking)...
[   45.474234] cloud-init[557]: Cloud-init v. 19.4-33-gbb4131a2-0ubuntu1~18.04.1 running 'init-local' at Thu, 16 Apr 2020 15:00:49 +0000. Up 43.82 seconds.
[[0;32m  OK  [0m] Started Initial cloud-init job (pre-networking).
[[0;32m  OK  [0m] Reached target Network (Pre).
         Starting Network Service...
[[0;32m  OK  [0m] Started Network Service.
         Starting Wait for Network to be Configured...
         Starting Network Name Resolution...
[[0;32m  OK  [0m] Started Network Name Resolution.
[[0;32m  OK  [0m] Reached target Network.
[[0;32m  OK  [0m] Reached target Host and Network Name Lookups.
[[0;32m  OK  [0m] Started Wait for Network to be Configured.
         Starting Initial cloud-init job (metadata service crawler)...
[   49.438090] cloud-init[668]: Cloud-init v. 19.4-33-gbb4131a2-0ubuntu1~18.04.1 running 'init' at Thu, 16 Apr 2020 15:00:54 +0000. Up 48.91 seconds.
[   49.497198] cloud-init[668]: ci-info: +++++++++++++++++++++++++++++++++++++Net device info++++++++++++++++++++++++++++++++++++++
[   49.584778] cloud-init[668]: ci-info: +--------+------+---------------------------+---------------+--------+-------------------+
[   49.606823] cloud-init[668]: ci-info: | Device |  Up  |          Address          |      Mask     | Scope  |     Hw-Address    |
[   49.652604] cloud-init[668]: ci-info: +--------+------+---------------------------+---------------+--------+-------------------+
[   49.708787] cloud-init[668]: ci-info: | enp0s3 | True |         10.0.2.15         | 255.255.255.0 | global | 02:63:41:f1:0e:ed |
[   49.741952] cloud-init[668]: ci-info: | enp0s3 | True | fe80::63:41ff:fef1:eed/64 |       .       |  link  | 02:63:41:f1:0e:ed |
[   49.767013] cloud-init[668]: ci-info: |   lo   | True |         127.0.0.1         |   255.0.0.0   |  host  |         .         |
[   49.840618] cloud-init[668]: ci-info: |   lo   | True |          ::1/128          |       .       |  host  |         .         |
[   49.872672] cloud-init[668]: ci-info: +--------+------+---------------------------+---------------+--------+-------------------+
[   49.908470] cloud-init[668]: ci-info: ++++++++++++++++++++++++++++Route IPv4 info+++++++++++++++++++++++++++++
[   49.942233] cloud-init[668]: ci-info: +-------+-------------+----------+-----------------+-----------+-------+
[   49.954924] cloud-init[668]: ci-info: | Route | Destination | Gateway  |     Genmask     | Interface | Flags |
[   50.006903] cloud-init[668]: ci-info: +-------+-------------+----------+-----------------+-----------+-------+
[   50.043693] cloud-init[668]: ci-info: |   0   |   0.0.0.0   | 10.0.2.2 |     0.0.0.0     |   enp0s3  |   UG  |
[   50.091310] cloud-init[668]: ci-info: |   1   |   10.0.2.0  | 0.0.0.0  |  255.255.255.0  |   enp0s3  |   U   |
[   50.138669] cloud-init[668]: ci-info: |   2   |   10.0.2.2  | 0.0.0.0  | 255.255.255.255 |   enp0s3  |   UH  |
[   50.159258] cloud-init[668]: ci-info: +-------+-------------+----------+-----------------+-----------+-------+
[   50.193465] cloud-init[668]: ci-info: +++++++++++++++++++Route IPv6 info+++++++++++++++++++
[   50.292887] cloud-init[668]: ci-info: +-------+-------------+---------+-----------+-------+
[   50.375015] cloud-init[668]: ci-info: | Route | Destination | Gateway | Interface | Flags |
[   50.418931] cloud-init[668]: ci-info: +-------+-------------+---------+-----------+-------+
[   50.441518] cloud-init[668]: ci-info: |   1   |  fe80::/64  |    ::   |   enp0s3  |   U   |
[   50.471008] cloud-init[668]: ci-info: |   3   |    local    |    ::   |   enp0s3  |   U   |
[   50.485763] cloud-init[668]: ci-info: |   4   |   ff00::/8  |    ::   |   enp0s3  |   U   |
[   50.501034] cloud-init[668]: ci-info: +-------+-------------+---------+-----------+-------+
[   52.206990] cloud-init[668]: Generating public/private rsa key pair.
[   52.228688] cloud-init[668]: Your identification has been saved in /etc/ssh/ssh_host_rsa_key.
[   52.256530] cloud-init[668]: Your public key has been saved in /etc/ssh/ssh_host_rsa_key.pub.
[   52.262823] cloud-init[668]: The key fingerprint is:
[   52.287000] cloud-init[668]: SHA256:yEWy01xTT/n1sqdKBG1+tlekGElPZScoCBjZo1PZZT0 root@ubuntu-bionic
[   52.329894] cloud-init[668]: The key's randomart image is:
[   52.365025] cloud-init[668]: +---[RSA 2048]----+
[   52.576867] cloud-init[668]: |    .=o+.o=oo.+o+|
[   52.590376] cloud-init[668]: |    o =*oo.+E*.oo|
[   52.605602] cloud-init[668]: |     oo.+ ..=.o.+|
[   52.630055] [[0;32m  OK  [0m] Started Initial cloud-init job (metadata service crawler).
cloud-init[668]: |    o. +   + o.oo|
[   52.638933] cloud-init[668]: |     .o S   + +o.|
[[   52.643017] [0;32m  OK  [0m] Reached target System Initialization.
cloud-init[668]: |           . o..o|
[[0;32m  OK  [0m] Listening on ACPID Listen Socket.
[   52.647126] cloud-init[668]: |            . .o.|[[0;32m  OK  [0m] Started Discard unused blocks once a week.
[[0;32m  OK  [0m] Listening on D-Bus System Message Bus Socket.
[[0;32m  OK  [0m] Listening on Open-iSCSI iscsid Socket.
[[0;32m  OK  [0m] Started Message of the Day.
[[0;32m  OK  [0m] Started Daily Cleanup of Temporary Directories.

         Starting Socket activation for snappy daemon.
[   53.007763] cloud-init[668]: |           .  .. |
[[0;32m  OK  [0m] Listening on UUID daemon activation socket.
[   53.056810] cloud-init[668]: |            ..   |
[[0;32m  OK  [0m] Started ACPI Events Check.
[   53.098546] cloud-init[668]: +----[SHA256]-----+
[   53.110309] cloud-init[668]: Generating public/private dsa key pair.
[[0;32m  OK  [0m] Reached target Paths.
         Starting LXD - unix socket.
[[0;32m  OK  [0m] Started Daily apt download activities.
[   53.113817] [[0;32m  OK  [0m] Started Daily apt upgrade and clean activities.
[[0;32m  OK  [0m] Reached target Timers.
cloud-init[668]: Your identification has been saved in /etc/ssh/ssh_host_dsa_key.
[[0;32m  OK  [0m] Reached target Network is Online.
[   53.410438] cloud-init[668]: Your public key has been saved in /etc/ssh/ssh_host_dsa_key.pub.
         Starting Availability of block devices...
[   53.537412] [[0;32m  OK  [0m] Reached target Remote File Systems (Pre).
cloud-init[668]: The key fingerprint is:
[[0;32m  OK  [0m] Reached target Remote File Systems.
[[0;32m  OK  [0m] Reached target Cloud-config availability.
[   53.548332] cloud-init[668]: SHA256:gJYgHPdRO9OSN+SrrIEZDU0uBaPjFNTiclfZ9/uq/N8 root@ubuntu-bionic
[   53.562752] cloud-init[668]: The key's randomart image is:
[   53.562990] cloud-init[668]: +---[DSA 1024]----+
[[0;32m  OK  [0m] Listening on Socket activation for snappy daemon.
[   53.577279] [[0;32m  OK  [0m] Listening on LXD - unix socket.
[[0;32m  OK  [0m] Started Availability of block devices.
[[0;32m  OK  [0m] Reached target Sockets.
[[0;32m  OK  [0m] Reached target Basic System.
cloud-init[668]: |++++.+.+ .       |
         Starting Pollinate to seed the pseudo random number generator...
[   53.823590] [[0;32m  OK  [0m] Started irqbalance daemon.
         Starting Accounts Service...
cloud-init[668]: | ++oBo+ B .      |
[   54.188471]          cloud-initStarting Login Service...[668]: 
|.+.o+=.* * .     |
         Starting LSB: Record successful boot for GRUB...
[   54.243314] cloud-init[668]: |+.o.=  .= o .    |
[   54.252032] cloud-init[668]: |.o o .  S.   .   |
[[0;32m  OK  [0m] Started D-Bus System Message Bus.
[   54.254810] cloud-init[668]: |    + . .   .    |
[   54.318362] cloud-init[668]: |   o . o     .   |
[   54.389115] cloud-init[668]: |      o  .    .. |
[   54.445589] cloud-init[668]: |     .    oooo. E|
[   54.493242] cloud-init[668]: +----[SHA256]-----+
[[0;32m  OK  [0m] Started Login Service.
[   54.592753] cloud-init[668]: Generating public/private ecdsa key pair.
[   54.624171] cloud-init[668]: Your identification has been saved in /etc/ssh/ssh_host_ecdsa_key.
         Starting Dispatcher daemon for systemd-networkd...
[[0;32m  OK  [0m] Started Deferred execution scheduler.
[[0;32m  OK  [0m] Started FUSE filesystem for LXC.
         Starting LSB: automatic crash report generation...
[   54.661302] cloud-init[668]: Your public key has been saved in /etc/ssh/ssh_host_ecdsa_key.pub.
         Starting Permit User Sessions...
[   54.879747] cloud-init[668]: The key fingerprint is:
         Starting LXD - container startup/shutdown...
[   54.902031] cloud-init[668]: SHA256:tAqTS62Y+dKRXoFffjU9EXUTAjllmnuO/gvLzengSgs root@ubuntu-bionic
[   54.929038] [[0;32m  OK  [0m] Started Unattended Upgrades Shutdown.
cloud-init[668]: The key's randomart image is:
[   55.038267] cloud-init[668]: +---[ECDSA 256]---+
[   55.117084] cloud-init[668]: |           .++.=+|
[[0;32m  OK  [0m] Started Regular background program processing daemon.
[   55.252468]          Starting System Logging Service...
         Starting Virtualbox guest utils...
cloud-init[668]: |           o+ o o|         Starting Snappy daemon...
[
[0;32m  OK  [0m] Started Permit User Sessions.
[   55.459980] cloud-init[668]: |     .  .  o.. . |
[   55.502411] cloud-init[668]: |    .o....  + o  |
[   55.555269] cloud-init[668]: |    =o.+S  o o . |
[   55.561207] cloud-init[668]: |   =o=o.. . +    |
[   55.568817] cloud-init[668]: |  +ooo.E o + .   |
[   55.574328] cloud-init[668]: |  ..o   o = * .  |
[   55.640449] cloud-init[668]: |   ..    o.=oB.  |
[   55.691050] cloud-init[668]: +----[SHA256]-----+
[   55.704508] cloud-init[668]: Generating public/private ed25519 key pair.
         Starting Authorization Manager...
         Starting Hold until boot process finishes up...
[   55.766629] cloud-init[668]: Your identification has been saved in /etc/ssh/ssh_host_ed25519_key.
         Starting Terminate Plymouth Boot Screen...
[[0;32m  OK  [0m] Started Hold until boot process finishes up.
[[0;32m  OK  [0m] Started Terminate Plymouth Boot Screen.
[   55.854011] cloud-init[668]: Your public key has been saved in /etc/ssh/ssh_host_ed25519_key.pub.
[[0;32m  OK  [0m] Started Serial Getty on ttyS0.
[   56.163465] cloud-init[668]: The key fingerprint is:
         Starting Set console scheme...
[   56.280441] cloud-init[668]: SHA256:1Yr7lFXlH+ttgl6IQB7YHqCgWhfJTKz+zmzaUipiv+E root@ubuntu-bionic
[[0;32m  OK  [0m] Started LSB: automatic crash report generation.
[   56.345455] cloud-init[668]: The key's randomart image is:
[[0;32m  OK  [0m] Started Set console scheme.
[[0;32m  OK  [0m] Created slice system-getty.slice.
[[0;32m  OK  [0m] Started Getty on tty1.
[[0;32m  OK  [0m] Reached target Login Prompts.
[[0;32m  OK  [0m] Started LSB: Record successful boot for GRUB.
[   56.407866] cloud-init[668]: +--[ED25519 256]--+
[[0;32m  OK  [0m] Started System Logging Service.
[[0;32m  OK  [0m] Started Authorization Manager.
[[0;32m  OK  [0m] Started Accounts Service.
[   56.755936] cloud-init[668]: |  .=o..         .|
[   57.091810] cloud-init[668]: | . .=o +   .   o |
[   57.111930] cloud-init[668]: |. ..o . = . . ...|
[   57.128341] cloud-init[668]: |....   + = . .  +|
[   57.141283] cloud-init[668]: |..      S . .  ..|
[   57.157291] cloud-init[668]: |  . .    o + o. .|
[   57.185728] cloud-init[668]: |   =    . + o o.o|
[   57.201814] cloud-init[668]: |o.+++    o . . o |
[   57.212223] cloud-init[668]: |o.oE*     . .    |
[   57.234035] cloud-init[668]: +----[SHA256]-----+
[[0;32m  OK  [0m] Started Virtualbox guest utils.
[[0;32m  OK  [0m] Started Pollinate to seed the pseudo random number generator.
         Starting OpenBSD Secure Shell server...
[[0;32m  OK  [0m] Started Dispatcher daemon for systemd-networkd.
[[0;32m  OK  [0m] Started OpenBSD Secure Shell server.
[[0;32m  OK  [0m] Started LXD - container startup/shutdown.
[[0;32m  OK  [0m] Created slice User Slice of vagrant.
[[0;32m  OK  [0m] Started Snappy daemon.
[[0;32m  OK  [0m] Started Session 1 of user vagrant.
         Starting Wait until snapd is fully seeded...
         Starting User Manager for UID 1000...
[[0;32m  OK  [0m] Started User Manager for UID 1000.

Ubuntu 18.04.4 LTS ubuntu-bionic ttyS0

ubuntu-bionic login: [   71.203748] cloud-init[1168]: Cloud-init v. 19.4-33-gbb4131a2-0ubuntu1~18.04.1 running 'modules:config' at Thu, 16 Apr 2020 15:01:12 +0000. Up 66.50 seconds.
ci-info: no authorized SSH keys fingerprints found for user ubuntu.
<14>Apr 16 15:01:19 ec2: 
<14>Apr 16 15:01:19 ec2: #############################################################
<14>Apr 16 15:01:19 ec2: -----BEGIN SSH HOST KEY FINGERPRINTS-----
<14>Apr 16 15:01:19 ec2: 1024 SHA256:gJYgHPdRO9OSN+SrrIEZDU0uBaPjFNTiclfZ9/uq/N8 root@ubuntu-bionic (DSA)
<14>Apr 16 15:01:19 ec2: 256 SHA256:tAqTS62Y+dKRXoFffjU9EXUTAjllmnuO/gvLzengSgs root@ubuntu-bionic (ECDSA)
<14>Apr 16 15:01:19 ec2: 256 SHA256:1Yr7lFXlH+ttgl6IQB7YHqCgWhfJTKz+zmzaUipiv+E root@ubuntu-bionic (ED25519)
<14>Apr 16 15:01:19 ec2: 2048 SHA256:yEWy01xTT/n1sqdKBG1+tlekGElPZScoCBjZo1PZZT0 root@ubuntu-bionic (RSA)
<14>Apr 16 15:01:19 ec2: -----END SSH HOST KEY FINGERPRINTS-----
<14>Apr 16 15:01:19 ec2: #############################################################
-----BEGIN SSH HOST KEY KEYS-----
ecdsa-sha2-nistp256 AAAAE2VjZHNhLXNoYTItbmlzdHAyNTYAAAAIbmlzdHAyNTYAAABBBIcH0jELWt9ZNUG87iw4Zuvg5qnDYPV9yegJqCOTzWOIpOd5y59YZjbittefbrTH/NGjlCGDWsxYwPgFYTTuX8w= root@ubuntu-bionic
ssh-ed25519 AAAAC3NzaC1lZDI1NTE5AAAAIMqDcoeyji3WRdQRohVBs6++Zhn/6uviyBVHXh4z6wtu root@ubuntu-bionic
ssh-rsa AAAAB3NzaC1yc2EAAAADAQABAAABAQDEbiN8iwbSCpOXr/QkS1+eAH3MrMPOgQ5OveQaRdNqz1TwcoIUkm0wDieEaGcNv19c0SLQnn344s8RKSrJMAz0B7ROG4sPS4DPw03dK4qV8oc54NF48793cmbj2QyLBjZXUH3HTW6UHXcjihXkUdV+cfCtrpfeHwQPxZntuw3cajROjXqYHNC11WwZ7zYShjPfa5Q9N5LTfBVh/pQhlQwxo1Z01I+2EKYniFeDN3RNSwTxP0Ox8ll3CQqTaSX2EYVCRD34C95J2spKmguLUDal3aCJPEGVZ5RWMu9GffZrEteLkoFNzpq3N//0vbWPTAxt/hcyDlLtW9++UQz3US+R root@ubuntu-bionic
-----END SSH HOST KEY KEYS-----
[   74.172886] cloud-init[1330]: Cloud-init v. 19.4-33-gbb4131a2-0ubuntu1~18.04.1 running 'modules:final' at Thu, 16 Apr 2020 15:01:19 +0000. Up 73.72 seconds.
[   74.173031] cloud-init[1330]: ci-info: no authorized SSH keys fingerprints found for user ubuntu.
[   74.173122] cloud-init[1330]: Cloud-init v. 19.4-33-gbb4131a2-0ubuntu1~18.04.1 finished at Thu, 16 Apr 2020 15:01:19 +0000. Datasource DataSourceNoCloud [seed=/dev/sdb][dsmode=net].  Up 74.14 seconds
